[2026-05-07 18:43:36] TO=boiredeleaucestbien@gmail.com SUBJECT=Confirmation d'inscription - Système BUS REASON=Échec de l’envoi
--- MESSAGE START ---

    
    
        Confirmation d'inscription
    
    
        Bonjour z etudiant,
        Votre inscription au système BUS universitaire a été validée par l'administrateur.
        Vous pouvez maintenant vous connecter à votre compte et utiliser toutes les fonctionnalités du système.
        Cordialement,L'équipe BUS
    
    
    
--- MESSAGE END ---

[2026-05-07 22:57:17] TO=etudiant@gmail.com SUBJECT=Réservation confirmée - BUS universitaire REASON=Connexion SMTP impossible: No connection could be made because the target machine actively refused it (10061)
--- MESSAGE START ---
Réservation confirméeBonjour z etudiant,Votre réservation a bien été enregistrée pour la ligne L1 :Place des Martyrs → Campus UniversitaireMerci de vous présenter à l’arrêt prévu avant le départ.Cordialement,L'équipe BUS
--- MESSAGE END ---

[2026-05-07 22:57:19] TO=etudiant@gmail.com SUBJECT=Réservation confirmée - BUS universitaire REASON=Échec de l’envoi: mail(): Failed to connect to mailserver at &quot;localhost&quot; port 25, verify your &quot;SMTP&quot; and &quot;smtp_port&quot; setting in php.ini or use ini_set()
--- MESSAGE START ---
Réservation confirméeBonjour z etudiant,Votre réservation a bien été enregistrée pour la ligne L1 :Place des Martyrs → Campus UniversitaireMerci de vous présenter à l’arrêt prévu avant le départ.Cordialement,L'équipe BUS
--- MESSAGE END ---

[2026-05-07 22:58:01] TO=etudiant@gmail.com SUBJECT=Réservation confirmée - BUS universitaire REASON=Connexion SMTP impossible: No connection could be made because the target machine actively refused it (10061)
--- MESSAGE START ---
Réservation confirméeBonjour z etudiant,Votre réservation a bien été enregistrée pour la ligne L1 :Place des Martyrs → Campus UniversitaireMerci de vous présenter à l’arrêt prévu avant le départ.Cordialement,L'équipe BUS
--- MESSAGE END ---

[2026-05-07 22:58:03] TO=etudiant@gmail.com SUBJECT=Réservation confirmée - BUS universitaire REASON=Échec de l’envoi: mail(): Failed to connect to mailserver at &quot;localhost&quot; port 25, verify your &quot;SMTP&quot; and &quot;smtp_port&quot; setting in php.ini or use ini_set()
--- MESSAGE START ---
Réservation confirméeBonjour z etudiant,Votre réservation a bien été enregistrée pour la ligne L1 :Place des Martyrs → Campus UniversitaireMerci de vous présenter à l’arrêt prévu avant le départ.Cordialement,L'équipe BUS
--- MESSAGE END ---

[2026-05-07 23:10:04] TO=boiredeleaucestbien@gmail.com SUBJECT=Réservation confirmée - BUS universitaire REASON=Connexion SMTP impossible: No connection could be made because the target machine actively refused it (10061)
--- MESSAGE START ---
Réservation confirméeBonjour z etudiant,Votre réservation a bien été enregistrée pour la ligne L1 :Place des Martyrs → Campus UniversitaireMerci de vous présenter à l’arrêt prévu avant le départ.Cordialement,L'équipe BUS
--- MESSAGE END ---

[2026-05-07 23:10:06] TO=boiredeleaucestbien@gmail.com SUBJECT=Réservation confirmée - BUS universitaire REASON=Échec de l’envoi: mail(): Failed to connect to mailserver at &quot;localhost&quot; port 25, verify your &quot;SMTP&quot; and &quot;smtp_port&quot; setting in php.ini or use ini_set()
--- MESSAGE START ---
Réservation confirméeBonjour z etudiant,Votre réservation a bien été enregistrée pour la ligne L1 :Place des Martyrs → Campus UniversitaireMerci de vous présenter à l’arrêt prévu avant le départ.Cordialement,L'équipe BUS
--- MESSAGE END ---

[2026-05-07 23:19:41] TO=boiredeleaucestbien@gmail.com SUBJECT=Réservation confirmée - BUS universitaire REASON=Connexion SMTP impossible: No connection could be made because the target machine actively refused it (10061)
--- MESSAGE START ---
Réservation confirméeBonjour z etudiant,Votre réservation a bien été enregistrée pour la ligne L2 :Cité Universitaire → Campus UniversitaireMerci de vous présenter à l’arrêt prévu avant le départ.Cordialement,L'équipe BUS
--- MESSAGE END ---

[2026-05-07 23:19:43] TO=boiredeleaucestbien@gmail.com SUBJECT=Réservation confirmée - BUS universitaire REASON=Échec de l’envoi: mail(): Failed to connect to mailserver at &quot;localhost&quot; port 25, verify your &quot;SMTP&quot; and &quot;smtp_port&quot; setting in php.ini or use ini_set()
--- MESSAGE START ---
Réservation confirméeBonjour z etudiant,Votre réservation a bien été enregistrée pour la ligne L2 :Cité Universitaire → Campus UniversitaireMerci de vous présenter à l’arrêt prévu avant le départ.Cordialement,L'équipe BUS
--- MESSAGE END ---

[2026-05-14 16:14:54] TO=etudiant@gmail.com SUBJECT=Confirmation d'inscription - Système BUS REASON=Hôte SMTP localhost:25 injoignable: A connection attempt failed because the connected party did not properly respond after a period of time, or established connection failed because connected host has failed to respond (10060)
--- MESSAGE START ---

    
    
        Confirmation d'inscription
    
    
        Bonjour test winjhbgvc,
        Votre inscription au système BUS universitaire a été validée par l'administrateur.
        Vous pouvez maintenant vous connecter à votre compte et utiliser toutes les fonctionnalités du système.
        Cordialement,L'équipe BUS
    
    
    
--- MESSAGE END ---

[2026-05-14 16:14:56] TO=etudiant@gmail.com SUBJECT=Confirmation d'inscription - Système BUS REASON=Échec de l’envoi: mail(): Failed to connect to mailserver at &quot;localhost&quot; port 25, verify your &quot;SMTP&quot; and &quot;smtp_port&quot; setting in php.ini or use ini_set()
--- MESSAGE START ---

    
    
        Confirmation d'inscription
    
    
        Bonjour test winjhbgvc,
        Votre inscription au système BUS universitaire a été validée par l'administrateur.
        Vous pouvez maintenant vous connecter à votre compte et utiliser toutes les fonctionnalités du système.
        Cordialement,L'équipe BUS
    
    
    
--- MESSAGE END ---

[2026-05-14 20:57:01] TO=boiredeleaucestbien@gmail.com SUBJECT=Confirmation d'inscription - Système BUS REASON=Hôte SMTP localhost:25 injoignable: A connection attempt failed because the connected party did not properly respond after a period of time, or established connection failed because connected host has failed to respond (10060)
--- MESSAGE START ---

    
    
        Confirmation d'inscription
    
    
        Bonjour z etudiant,
        Votre inscription au système BUS universitaire a été validée par l'administrateur.
        Vous pouvez maintenant vous connecter à votre compte et utiliser toutes les fonctionnalités du système.
        Cordialement,L'équipe BUS
    
    
    
--- MESSAGE END ---

[2026-05-14 20:57:03] TO=boiredeleaucestbien@gmail.com SUBJECT=Confirmation d'inscription - Système BUS REASON=Échec de l’envoi: mail(): Failed to connect to mailserver at &quot;localhost&quot; port 25, verify your &quot;SMTP&quot; and &quot;smtp_port&quot; setting in php.ini or use ini_set()
--- MESSAGE START ---

    
    
        Confirmation d'inscription
    
    
        Bonjour z etudiant,
        Votre inscription au système BUS universitaire a été validée par l'administrateur.
        Vous pouvez maintenant vous connecter à votre compte et utiliser toutes les fonctionnalités du système.
        Cordialement,L'équipe BUS
    
    
    
--- MESSAGE END ---

